A D/22jan2012////
A D/ascii////
A D/binmaps_16feb2012v1////
A D/comb_01feb2012v2////
A D/comb_27mar2012v1////
A D/config////
A D/data////
A D/e_syst////
A D/ejets_01feb2012v2////
A D/ejets_27mar2012v1////
A D/hf_test////
A D/mu_syst////
A D/mujets_01feb2012v2////
A D/mujets_27mar2012v1////
A D/results////
A D/results_0350////
A D/results_0400////
A D/results_0450////
A D/results_0500////
A D/results_0550////
A D/results_0600////
A D/results_test////
A D/templates_27mar2012v1////
A D/tmp////
A D/toys////
